INFO:root:finished init.......................................13_10_2017___18.38.49.692770
INFO:root:video properties:...................................13_10_2017___18.38.49.693773
INFO:root:property 0, value: -1.0.............................13_10_2017___18.38.49.733998
INFO:root:property 1, value: -1.0.............................13_10_2017___18.38.49.734497
INFO:root:property 2, value: -1.0.............................13_10_2017___18.38.49.734829
INFO:root:property 3, value: 2048.0...........................13_10_2017___18.38.49.734829
INFO:root:property 4, value: 1644.0...........................13_10_2017___18.38.49.739005
INFO:root:property 5, value: 0.0..............................13_10_2017___18.38.49.739005
INFO:root:property 6, value: -466162819.0.....................13_10_2017___18.38.49.739005
INFO:root:property 7, value: -1.0.............................13_10_2017___18.38.49.739005
INFO:root:property 8, value: -1.0.............................13_10_2017___18.38.49.739005
INFO:root:property 9, value: -1.0.............................13_10_2017___18.38.49.740008
INFO:root:property 10, value: 0.0.............................13_10_2017___18.38.49.778633
INFO:root:property 11, value: 0.0.............................13_10_2017___18.38.49.834406
INFO:root:property 12, value: 128.0...........................13_10_2017___18.38.49.886469
INFO:root:property 13, value: 0.0.............................13_10_2017___18.38.49.930500
INFO:root:property 14, value: 100.0...........................13_10_2017___18.38.49.969463
INFO:root:property 15, value: -1.0............................13_10_2017___18.38.50.008728
INFO:root:property 16, value: -1.0............................13_10_2017___18.38.50.009733
INFO:root:property 17, value: 3000.0..........................13_10_2017___18.38.50.047585
INFO:root:property 18, value: -1.0............................13_10_2017___18.38.50.047585
INFO:root:taking miscellaneous picture........................13_10_2017___18.38.52.070448
INFO:root:ending video........................................13_10_2017___18.39.04.472143
